[2024-11-17 19:04:10] {
    "Request": {
        "method": "POST",
        "headers": {
            "Host": "localhost",
            "Connection": "keep-alive",
            "Content-Length": "799",
            "Pragma": "no-cache",
            "Cache-Control": "no-cache",
            "sec-ch-ua-platform": "\"Windows\"",
            "User-Agent": "Mozilla\/5.0 (Windows NT 10.0; Win64; x64) AppleWebKit\/537.36 (KHTML, like Gecko) Chrome\/130.0.0.0 Safari\/537.36",
            "sec-ch-ua": "\"Chromium\";v=\"130\", \"Google Chrome\";v=\"130\", \"Not?A_Brand\";v=\"99\"",
            "Content-Type": "multipart\/form-data; boundary=----WebKitFormBoundaryoUDVi6mIegy6JPeC",
            "sec-ch-ua-mobile": "?0",
            "Accept": "*\/*",
            "Origin": "http:\/\/localhost",
            "Sec-Fetch-Site": "same-origin",
            "Sec-Fetch-Mode": "cors",
            "Sec-Fetch-Dest": "empty",
            "Referer": "http:\/\/localhost\/td-test-task\/landing\/",
            "Accept-Encoding": "gzip, deflate, br, zstd",
            "Accept-Language": "uk,uk-UA;q=0.9,en-US;q=0.8,en;q=0.7,ru;q=0.6"
        },
        "body": {
            "first_name": "Artem",
            "last_name": "Paskal",
            "email": "ArtemPasskal@gmail.com",
            "phone": "+6139282088888888888",
            "select_service": "Weekdays",
            "select_price": "$100 - $2000",
            "comments": "8888888888"
        },
        "ip": "::1",
        "geoData": {
            "ip": "8.8.8.8",
            "hostname": "dns.google",
            "anycast": true,
            "city": "Mountain View",
            "region": "California",
            "country": "US",
            "loc": "37.4056,-122.0775",
            "postal": "94043",
            "timezone": "America\/Los_Angeles",
            "asn": {
                "asn": "AS15169",
                "name": "Google LLC",
                "domain": "google.com",
                "route": "8.8.8.0\/24",
                "type": "hosting"
            },
            "company": {
                "name": "Google LLC",
                "domain": "google.com",
                "type": "hosting"
            },
            "privacy": {
                "vpn": false,
                "proxy": false,
                "tor": false,
                "relay": false,
                "hosting": true,
                "service": ""
            },
            "abuse": {
                "address": "US, CA, Mountain View, 1600 Amphitheatre Parkway, 94043",
                "country": "US",
                "email": "network-abuse@google.com",
                "name": "Abuse",
                "network": "8.8.8.0\/24",
                "phone": "+1-650-253-0000"
            },
            "domains": {
                "ip": "8.8.8.8",
                "total": 10821,
                "domains": [
                    "hdchina.org",
                    "musicool.cn",
                    "allnet.cn",
                    "aonode.com",
                    "didifilm.com"
                ]
            }
        }
    }
}
[2024-11-17 19:04:10] {
    "Response": {
        "status": "error",
        "message": "Invalid request method."
    }
}
[2024-11-18 07:54:59] {
    "Request": {
        "method": "POST",
        "headers": {
            "Host": "localhost",
            "Connection": "keep-alive",
            "Content-Length": "783",
            "Pragma": "no-cache",
            "Cache-Control": "no-cache",
            "sec-ch-ua-platform": "\"Windows\"",
            "User-Agent": "Mozilla\/5.0 (Windows NT 10.0; Win64; x64) AppleWebKit\/537.36 (KHTML, like Gecko) Chrome\/130.0.0.0 Safari\/537.36",
            "sec-ch-ua": "\"Chromium\";v=\"130\", \"Google Chrome\";v=\"130\", \"Not?A_Brand\";v=\"99\"",
            "Content-Type": "multipart\/form-data; boundary=----WebKitFormBoundaryQreH6Ok1llT5r0Ts",
            "sec-ch-ua-mobile": "?0",
            "Accept": "*\/*",
            "Origin": "http:\/\/localhost",
            "Sec-Fetch-Site": "same-origin",
            "Sec-Fetch-Mode": "cors",
            "Sec-Fetch-Dest": "empty",
            "Referer": "http:\/\/localhost\/td-test-task\/landing\/",
            "Accept-Encoding": "gzip, deflate, br, zstd",
            "Accept-Language": "uk,uk-UA;q=0.9,en-US;q=0.8,en;q=0.7,ru;q=0.6"
        },
        "body": {
            "first_name": "Artem",
            "last_name": "Paskal",
            "email": "ArtemPasskal@gmail.com",
            "phone": "+6139282088999",
            "select_service": "Weekdays",
            "select_price": "$100 - $2000",
            "comments": ""
        },
        "ip": "::1",
        "geoData": {
            "ip": "8.8.8.8",
            "hostname": "dns.google",
            "anycast": true,
            "city": "Mountain View",
            "region": "California",
            "country": "US",
            "loc": "37.4056,-122.0775",
            "postal": "94043",
            "timezone": "America\/Los_Angeles",
            "asn": {
                "asn": "AS15169",
                "name": "Google LLC",
                "domain": "google.com",
                "route": "8.8.8.0\/24",
                "type": "hosting"
            },
            "company": {
                "name": "Google LLC",
                "domain": "google.com",
                "type": "hosting"
            },
            "privacy": {
                "vpn": false,
                "proxy": false,
                "tor": false,
                "relay": false,
                "hosting": true,
                "service": ""
            },
            "abuse": {
                "address": "US, CA, Mountain View, 1600 Amphitheatre Parkway, 94043",
                "country": "US",
                "email": "network-abuse@google.com",
                "name": "Abuse",
                "network": "8.8.8.0\/24",
                "phone": "+1-650-253-0000"
            },
            "domains": {
                "ip": "8.8.8.8",
                "total": 10821,
                "domains": [
                    "hdchina.org",
                    "musicool.cn",
                    "allnet.cn",
                    "aonode.com",
                    "didifilm.com"
                ]
            }
        }
    }
}
[2024-11-18 07:54:59] {
    "Response": {
        "status": "success",
        "redirectUrl": "success_page.php"
    }
}
[2024-11-18 07:55:10] {
    "Request": {
        "method": "POST",
        "headers": {
            "Host": "localhost",
            "Connection": "keep-alive",
            "Content-Length": "783",
            "Pragma": "no-cache",
            "Cache-Control": "no-cache",
            "sec-ch-ua-platform": "\"Windows\"",
            "User-Agent": "Mozilla\/5.0 (Windows NT 10.0; Win64; x64) AppleWebKit\/537.36 (KHTML, like Gecko) Chrome\/130.0.0.0 Safari\/537.36",
            "sec-ch-ua": "\"Chromium\";v=\"130\", \"Google Chrome\";v=\"130\", \"Not?A_Brand\";v=\"99\"",
            "Content-Type": "multipart\/form-data; boundary=----WebKitFormBoundaryfkocll0MygE7GBX9",
            "sec-ch-ua-mobile": "?0",
            "Accept": "*\/*",
            "Origin": "http:\/\/localhost",
            "Sec-Fetch-Site": "same-origin",
            "Sec-Fetch-Mode": "cors",
            "Sec-Fetch-Dest": "empty",
            "Referer": "http:\/\/localhost\/td-test-task\/landing\/",
            "Accept-Encoding": "gzip, deflate, br, zstd",
            "Accept-Language": "uk,uk-UA;q=0.9,en-US;q=0.8,en;q=0.7,ru;q=0.6"
        },
        "body": {
            "first_name": "Artem",
            "last_name": "Paskal",
            "email": "ArtemPasskal@gmail.com",
            "phone": "+6139282088999",
            "select_service": "Weekdays",
            "select_price": "$100 - $2000",
            "comments": ""
        },
        "ip": "::1",
        "geoData": {
            "ip": "8.8.8.8",
            "hostname": "dns.google",
            "anycast": true,
            "city": "Mountain View",
            "region": "California",
            "country": "US",
            "loc": "37.4056,-122.0775",
            "postal": "94043",
            "timezone": "America\/Los_Angeles",
            "asn": {
                "asn": "AS15169",
                "name": "Google LLC",
                "domain": "google.com",
                "route": "8.8.8.0\/24",
                "type": "hosting"
            },
            "company": {
                "name": "Google LLC",
                "domain": "google.com",
                "type": "hosting"
            },
            "privacy": {
                "vpn": false,
                "proxy": false,
                "tor": false,
                "relay": false,
                "hosting": true,
                "service": ""
            },
            "abuse": {
                "address": "US, CA, Mountain View, 1600 Amphitheatre Parkway, 94043",
                "country": "US",
                "email": "network-abuse@google.com",
                "name": "Abuse",
                "network": "8.8.8.0\/24",
                "phone": "+1-650-253-0000"
            },
            "domains": {
                "ip": "8.8.8.8",
                "total": 10821,
                "domains": [
                    "hdchina.org",
                    "musicool.cn",
                    "allnet.cn",
                    "aonode.com",
                    "didifilm.com"
                ]
            }
        }
    }
}
[2024-11-18 07:55:10] {
    "Response": {
        "status": "success",
        "redirectUrl": "success_page.php"
    }
}
